# JRE version: OpenJDK Runtime Environment (8.0_212-b04) (build 1.8.0_212-release-1586-b04)
# Java VM: OpenJDK 64-Bit Server VM (25.212-b04 mixed mode windows-amd64 compressed oops)
Heap:
 PSYoungGen      total 252416K, used 50756K [0x00000000e0000000, 0x00000000f0d00000, 0x0000000100000000)
  eden space 229376K, 13% used [0x00000000e0000000,0x00000000e1e8ef78,0x00000000ee000000)
  from space 23040K, 84% used [0x00000000ee000000,0x00000000ef3020b8,0x00000000ef680000)
  to   space 17920K, 0% used [0x00000000efb80000,0x00000000efb80000,0x00000000f0d00000)
 ParOldGen       total 122880K, used 43258K [0x00000000a0000000, 0x00000000a7800000, 0x00000000e0000000)
  object space 122880K, 35% used [0x00000000a0000000,0x00000000a2a3e908,0x00000000a7800000)
 Metaspace       used 72892K, capacity 75598K, committed 75904K, reserved 1114112K
  class space    used 9737K, capacity 10294K, committed 10368K, reserved 1048576K
GC Heap History (10 events):
Event: 19.821 GC heap before
{Heap before GC invocations=14 (full 2):
 PSYoungGen      total 161280K, used 33471K [0x00000000e0000000, 0x00000000ed600000, 0x0000000100000000)
  eden space 147456K, 13% used [0x00000000e0000000,0x00000000e13365b0,0x00000000e9000000)
  from space 13824K, 99% used [0x00000000e9000000,0x00000000e9d796b0,0x00000000e9d80000)
  to   space 18944K, 0% used [0x00000000ec380000,0x00000000ec380000,0x00000000ed600000)
 ParOldGen       total 87552K, used 26452K [0x00000000a0000000, 0x00000000a5580000, 0x00000000e0000000)
  object space 87552K, 30% used [0x00000000a0000000,0x00000000a19d5340,0x00000000a5580000)
 Metaspace       used 57129K, capacity 58960K, committed 59096K, reserved 1099776K
  class space    used 7824K, capacity 8239K, committed 8320K, reserved 1048576K
Event: 19.870 GC heap after
Heap after GC invocations=14 (full 2):
 PSYoungGen      total 200192K, used 2017K [0x00000000e0000000, 0x00000000eee80000, 0x0000000100000000)
  eden space 181248K, 0% used [0x00000000e0000000,0x00000000e0000000,0x00000000eb100000)
  from space 18944K, 10% used [0x00000000ec380000,0x00000000ec578610,0x00000000ed600000)
  to   space 18944K, 0% used [0x00000000eb100000,0x00000000eb100000,0x00000000ec380000)
 ParOldGen       total 87552K, used 33507K [0x00000000a0000000, 0x00000000a5580000, 0x00000000e0000000)
  object space 87552K, 38% used [0x00000000a0000000,0x00000000a20b8ea0,0x00000000a5580000)
 Metaspace       used 57129K, capacity 58960K, committed 59096K, reserved 1099776K
  class space    used 7824K, capacity 8239K, committed 8320K, reserved 1048576K
}
Event: 19.870 GC heap before
{Heap before GC invocations=15 (full 3):
 PSYoungGen      total 200192K, used 2017K [0x00000000e0000000, 0x00000000eee80000, 0x0000000100000000)
  eden space 181248K, 0% used [0x00000000e0000000,0x00000000e0000000,0x00000000eb100000)
  from space 18944K, 10% used [0x00000000ec380000,0x00000000ec578610,0x00000000ed600000)
  to   space 18944K, 0% used [0x00000000eb100000,0x00000000eb100000,0x00000000ec380000)
 ParOldGen       total 87552K, used 33507K [0x00000000a0000000, 0x00000000a5580000, 0x00000000e0000000)
  object space 87552K, 38% used [0x00000000a0000000,0x00000000a20b8ea0,0x00000000a5580000)
 Metaspace       used 57129K, capacity 58960K, committed 59096K, reserved 1099776K
  class space    used 7824K, capacity 8239K, committed 8320K, reserved 1048576K
Event: 20.306 GC heap after
Heap after GC invocations=15 (full 3):
 PSYoungGen      total 200192K, used 0K [0x00000000e0000000, 0x00000000eee80000, 0x0000000100000000)
  eden space 181248K, 0% used [0x00000000e0000000,0x00000000e0000000,0x00000000eb100000)
  from space 18944K, 0% used [0x00000000ec380000,0x00000000ec380000,0x00000000ed600000)
  to   space 18944K, 0% used [0x00000000eb100000,0x00000000eb100000,0x00000000ec380000)
 ParOldGen       total 122880K, used 29308K [0x00000000a0000000, 0x00000000a7800000, 0x00000000e0000000)
  object space 122880K, 23% used [0x00000000a0000000,0x00000000a1c9f3a8,0x00000000a7800000)
 Metaspace       used 57129K, capacity 58960K, committed 59096K, reserved 1099776K
  class space    used 7824K, capacity 8239K, committed 8320K, reserved 1048576K
}
Event: 29.755 GC heap before
{Heap before GC invocations=16 (full 3):
 PSYoungGen      total 200192K, used 181248K [0x00000000e0000000, 0x00000000eee80000, 0x0000000100000000)
  eden space 181248K, 100% used [0x00000000e0000000,0x00000000eb100000,0x00000000eb100000)
  from space 18944K, 0% used [0x00000000ec380000,0x00000000ec380000,0x00000000ed600000)
  to   space 18944K, 0% used [0x00000000eb100000,0x00000000eb100000,0x00000000ec380000)
 ParOldGen       total 122880K, used 29308K [0x00000000a0000000, 0x00000000a7800000, 0x00000000e0000000)
  object space 122880K, 23% used [0x00000000a0000000,0x00000000a1c9f3a8,0x00000000a7800000)
 Metaspace       used 62238K, capacity 64544K, committed 64896K, reserved 1105920K
  class space    used 8485K, capacity 8981K, committed 9088K, reserved 1048576K
Event: 29.839 GC heap after
Heap after GC invocations=16 (full 3):
 PSYoungGen      total 200192K, used 18922K [0x00000000e0000000, 0x00000000f1200000, 0x0000000100000000)
  eden space 181248K, 0% used [0x00000000e0000000,0x00000000e0000000,0x00000000eb100000)
  from space 18944K, 99% used [0x00000000eb100000,0x00000000ec37abb0,0x00000000ec380000)
  to   space 23040K, 0% used [0x00000000efb80000,0x00000000efb80000,0x00000000f1200000)
 ParOldGen       total 122880K, used 31883K [0x00000000a0000000, 0x00000000a7800000, 0x00000000e0000000)
  object space 122880K, 25% used [0x00000000a0000000,0x00000000a1f22cd0,0x00000000a7800000)
 Metaspace       used 62238K, capacity 64544K, committed 64896K, reserved 1105920K
  class space    used 8485K, capacity 8981K, committed 9088K, reserved 1048576K
}
Event: 43.929 GC heap before
{Heap before GC invocations=17 (full 3):
 PSYoungGen      total 200192K, used 200170K [0x00000000e0000000, 0x00000000f1200000, 0x0000000100000000)
  eden space 181248K, 100% used [0x00000000e0000000,0x00000000eb100000,0x00000000eb100000)
  from space 18944K, 99% used [0x00000000eb100000,0x00000000ec37abb0,0x00000000ec380000)
  to   space 23040K, 0% used [0x00000000efb80000,0x00000000efb80000,0x00000000f1200000)
 ParOldGen       total 122880K, used 31883K [0x00000000a0000000, 0x00000000a7800000, 0x00000000e0000000)
  object space 122880K, 25% used [0x00000000a0000000,0x00000000a1f22cd0,0x00000000a7800000)
 Metaspace       used 63712K, capacity 66136K, committed 66304K, reserved 1105920K
  class space    used 8592K, capacity 9139K, committed 9216K, reserved 1048576K
Event: 44.033 GC heap after
Heap after GC invocations=17 (full 3):
 PSYoungGen      total 247296K, used 2236K [0x00000000e0000000, 0x00000000f0d00000, 0x0000000100000000)
  eden space 229376K, 0% used [0x00000000e0000000,0x00000000e0000000,0x00000000ee000000)
  from space 17920K, 12% used [0x00000000efb80000,0x00000000efdaf370,0x00000000f0d00000)
  to   space 23040K, 0% used [0x00000000ee000000,0x00000000ee000000,0x00000000ef680000)
 ParOldGen       total 122880K, used 43250K [0x00000000a0000000, 0x00000000a7800000, 0x00000000e0000000)
  object space 122880K, 35% used [0x00000000a0000000,0x00000000a2a3c908,0x00000000a7800000)
 Metaspace       used 63712K, capacity 66136K, committed 66304K, reserved 1105920K
  class space    used 8592K, capacity 9139K, committed 9216K, reserved 1048576K
}
Event: 80.540 GC heap before
{Heap before GC invocations=18 (full 3):
 PSYoungGen      total 247296K, used 231612K [0x00000000e0000000, 0x00000000f0d00000, 0x0000000100000000)
  eden space 229376K, 100% used [0x00000000e0000000,0x00000000ee000000,0x00000000ee000000)
  from space 17920K, 12% used [0x00000000efb80000,0x00000000efdaf370,0x00000000f0d00000)
  to   space 23040K, 0% used [0x00000000ee000000,0x00000000ee000000,0x00000000ef680000)
 ParOldGen       total 122880K, used 43250K [0x00000000a0000000, 0x00000000a7800000, 0x00000000e0000000)
  object space 122880K, 35% used [0x00000000a0000000,0x00000000a2a3c908,0x00000000a7800000)
 Metaspace       used 72054K, capacity 74696K, committed 74752K, reserved 1114112K
  class space    used 9640K, capacity 10229K, committed 10240K, reserved 1048576K
Event: 80.618 GC heap after
Heap after GC invocations=18 (full 3):
 PSYoungGen      total 252416K, used 19464K [0x00000000e0000000, 0x00000000f0d00000, 0x0000000100000000)
  eden space 229376K, 0% used [0x00000000e0000000,0x00000000e0000000,0x00000000ee000000)
  from space 23040K, 84% used [0x00000000ee000000,0x00000000ef3020b8,0x00000000ef680000)
  to   space 17920K, 0% used [0x00000000efb80000,0x00000000efb80000,0x00000000f0d00000)
 ParOldGen       total 122880K, used 43258K [0x00000000a0000000, 0x00000000a7800000, 0x00000000e0000000)
  object space 122880K, 35% used [0x00000000a0000000,0x00000000a2a3e908,0x00000000a7800000)
 Metaspace       used 72054K, capacity 74696K, committed 74752K, reserved 1114112K
  class space    used 9640K, capacity 10229K, committed 10240K, reserved 1048576K
}

